# JRE version: Java(TM) SE Runtime Environment (8.0_121-b13) (build 1.8.0_121-b13)
# Java VM: Java HotSpot(TM) 64-Bit Server VM (25.121-b13 mixed mode linux-amd64 compressed oops)
Heap:
 PSYoungGen      total 70144K, used 1348K [0x00000000ec200000, 0x00000000f0f00000, 0x0000000100000000)
  eden space 61440K, 2% used [0x00000000ec200000,0x00000000ec3510a0,0x00000000efe00000)
  from space 8704K, 0% used [0x00000000f0680000,0x00000000f0680000,0x00000000f0f00000)
  to   space 8704K, 0% used [0x00000000efe00000,0x00000000efe00000,0x00000000f0680000)
 ParOldGen       total 42496K, used 12990K [0x00000000c4600000, 0x00000000c6f80000, 0x00000000ec200000)
  object space 42496K, 30% used [0x00000000c4600000,0x00000000c52af908,0x00000000c6f80000)
 Metaspace       used 20749K, capacity 21666K, committed 21884K, reserved 1069056K
  class space    used 2927K, capacity 3129K, committed 3200K, reserved 1048576K
GC Heap History (10 events):
Event: 6.212 GC heap before
{Heap before GC invocations=3 (full 0):
 PSYoungGen      total 17920K, used 17904K [0x00000000ec200000, 0x00000000ee500000, 0x0000000100000000)
  eden space 15360K, 100% used [0x00000000ec200000,0x00000000ed100000,0x00000000ed100000)
  from space 2560K, 99% used [0x00000000ed380000,0x00000000ed5fc030,0x00000000ed600000)
  to   space 2560K, 0% used [0x00000000ed100000,0x00000000ed100000,0x00000000ed380000)
 ParOldGen       total 40960K, used 4339K [0x00000000c4600000, 0x00000000c6e00000, 0x00000000ec200000)
  object space 40960K, 10% used [0x00000000c4600000,0x00000000c4a3cdb8,0x00000000c6e00000)
 Metaspace       used 17827K, capacity 18618K, committed 18816K, reserved 1064960K
  class space    used 2720K, capacity 2927K, committed 2944K, reserved 1048576K
Event: 6.244 GC heap after
Heap after GC invocations=3 (full 0):
 PSYoungGen      total 17920K, used 2547K [0x00000000ec200000, 0x00000000ee500000, 0x0000000100000000)
  eden space 15360K, 0% used [0x00000000ec200000,0x00000000ec200000,0x00000000ed100000)
  from space 2560K, 99% used [0x00000000ed100000,0x00000000ed37cf88,0x00000000ed380000)
  to   space 2560K, 0% used [0x00000000ee280000,0x00000000ee280000,0x00000000ee500000)
 ParOldGen       total 40960K, used 8878K [0x00000000c4600000, 0x00000000c6e00000, 0x00000000ec200000)
  object space 40960K, 21% used [0x00000000c4600000,0x00000000c4eab850,0x00000000c6e00000)
 Metaspace       used 17827K, capacity 18618K, committed 18816K, reserved 1064960K
  class space    used 2720K, capacity 2927K, committed 2944K, reserved 1048576K
}
Event: 18.959 GC heap before
{Heap before GC invocations=4 (full 0):
 PSYoungGen      total 17920K, used 17907K [0x00000000ec200000, 0x00000000ee500000, 0x0000000100000000)
  eden space 15360K, 100% used [0x00000000ec200000,0x00000000ed100000,0x00000000ed100000)
  from space 2560K, 99% used [0x00000000ed100000,0x00000000ed37cf88,0x00000000ed380000)
  to   space 2560K, 0% used [0x00000000ee280000,0x00000000ee280000,0x00000000ee500000)
 ParOldGen       total 40960K, used 8878K [0x00000000c4600000, 0x00000000c6e00000, 0x00000000ec200000)
  object space 40960K, 21% used [0x00000000c4600000,0x00000000c4eab850,0x00000000c6e00000)
 Metaspace       used 19687K, capacity 20624K, committed 20864K, reserved 1067008K
  class space    used 2894K, capacity 3116K, committed 3200K, reserved 1048576K
Event: 19.005 GC heap after
Heap after GC invocations=4 (full 0):
 PSYoungGen      total 33280K, used 2557K [0x00000000ec200000, 0x00000000ee500000, 0x0000000100000000)
  eden space 30720K, 0% used [0x00000000ec200000,0x00000000ec200000,0x00000000ee000000)
  from space 2560K, 99% used [0x00000000ee280000,0x00000000ee4ff540,0x00000000ee500000)
  to   space 2560K, 0% used [0x00000000ee000000,0x00000000ee000000,0x00000000ee280000)
 ParOldGen       total 40960K, used 11027K [0x00000000c4600000, 0x00000000c6e00000, 0x00000000ec200000)
  object space 40960K, 26% used [0x00000000c4600000,0x00000000c50c4d70,0x00000000c6e00000)
 Metaspace       used 19687K, capacity 20624K, committed 20864K, reserved 1067008K
  class space    used 2894K, capacity 3116K, committed 3200K, reserved 1048576K
}
Event: 23.211 GC heap before
{Heap before GC invocations=5 (full 0):
 PSYoungGen      total 33280K, used 21163K [0x00000000ec200000, 0x00000000ee500000, 0x0000000100000000)
  eden space 30720K, 60% used [0x00000000ec200000,0x00000000ed42b8a0,0x00000000ee000000)
  from space 2560K, 99% used [0x00000000ee280000,0x00000000ee4ff540,0x00000000ee500000)
  to   space 2560K, 0% used [0x00000000ee000000,0x00000000ee000000,0x00000000ee280000)
 ParOldGen       total 40960K, used 11027K [0x00000000c4600000, 0x00000000c6e00000, 0x00000000ec200000)
  object space 40960K, 26% used [0x00000000c4600000,0x00000000c50c4d70,0x00000000c6e00000)
 Metaspace       used 20253K, capacity 21256K, committed 21552K, reserved 1067008K
  class space    used 2903K, capacity 3126K, committed 3200K, reserved 1048576K
Event: 23.264 GC heap after
Heap after GC invocations=5 (full 0):
 PSYoungGen      total 33280K, used 2541K [0x00000000ec200000, 0x00000000f0f00000, 0x0000000100000000)
  eden space 30720K, 0% used [0x00000000ec200000,0x00000000ec200000,0x00000000ee000000)
  from space 2560K, 99% used [0x00000000ee000000,0x00000000ee27b530,0x00000000ee280000)
  to   space 8704K, 0% used [0x00000000f0680000,0x00000000f0680000,0x00000000f0f00000)
 ParOldGen       total 40960K, used 11407K [0x00000000c4600000, 0x00000000c6e00000, 0x00000000ec200000)
  object space 40960K, 27% used [0x00000000c4600000,0x00000000c5123d80,0x00000000c6e00000)
 Metaspace       used 20253K, capacity 21256K, committed 21552K, reserved 1067008K
  class space    used 2903K, capacity 3126K, committed 3200K, reserved 1048576K
}
Event: 28.279 GC heap before
{Heap before GC invocations=6 (full 0):
 PSYoungGen      total 33280K, used 22655K [0x00000000ec200000, 0x00000000f0f00000, 0x0000000100000000)
  eden space 30720K, 65% used [0x00000000ec200000,0x00000000ed5a4790,0x00000000ee000000)
  from space 2560K, 99% used [0x00000000ee000000,0x00000000ee27b530,0x00000000ee280000)
  to   space 8704K, 0% used [0x00000000f0680000,0x00000000f0680000,0x00000000f0f00000)
 ParOldGen       total 40960K, used 11407K [0x00000000c4600000, 0x00000000c6e00000, 0x00000000ec200000)
  object space 40960K, 27% used [0x00000000c4600000,0x00000000c5123d80,0x00000000c6e00000)
 Metaspace       used 20610K, capacity 21526K, committed 21628K, reserved 1067008K
  class space    used 2907K, capacity 3127K, committed 3200K, reserved 1048576K
Event: 28.327 GC heap after
Heap after GC invocations=6 (full 0):
 PSYoungGen      total 70144K, used 2941K [0x00000000ec200000, 0x00000000f0f00000, 0x0000000100000000)
  eden space 61440K, 0% used [0x00000000ec200000,0x00000000ec200000,0x00000000efe00000)
  from space 8704K, 33% used [0x00000000f0680000,0x00000000f095f540,0x00000000f0f00000)
  to   space 8704K, 0% used [0x00000000efe00000,0x00000000efe00000,0x00000000f0680000)
 ParOldGen       total 40960K, used 11415K [0x00000000c4600000, 0x00000000c6e00000, 0x00000000ec200000)
  object space 40960K, 27% used [0x00000000c4600000,0x00000000c5125d80,0x00000000c6e00000)
 Metaspace       used 20610K, capacity 21526K, committed 21628K, reserved 1067008K
  class space    used 2907K, capacity 3127K, committed 3200K, reserved 1048576K
}
Event: 28.327 GC heap before
{Heap before GC invocations=7 (full 1):
 PSYoungGen      total 70144K, used 2941K [0x00000000ec200000, 0x00000000f0f00000, 0x0000000100000000)
  eden space 61440K, 0% used [0x00000000ec200000,0x00000000ec200000,0x00000000efe00000)
  from space 8704K, 33% used [0x00000000f0680000,0x00000000f095f540,0x00000000f0f00000)
  to   space 8704K, 0% used [0x00000000efe00000,0x00000000efe00000,0x00000000f0680000)
 ParOldGen       total 40960K, used 11415K [0x00000000c4600000, 0x00000000c6e00000, 0x00000000ec200000)
  object space 40960K, 27% used [0x00000000c4600000,0x00000000c5125d80,0x00000000c6e00000)
 Metaspace       used 20610K, capacity 21526K, committed 21628K, reserved 1067008K
  class space    used 2907K, capacity 3127K, committed 3200K, reserved 1048576K
Event: 28.648 GC heap after
Heap after GC invocations=7 (full 1):
 PSYoungGen      total 70144K, used 0K [0x00000000ec200000, 0x00000000f0f00000, 0x0000000100000000)
  eden space 61440K, 0% used [0x00000000ec200000,0x00000000ec200000,0x00000000efe00000)
  from space 8704K, 0% used [0x00000000f0680000,0x00000000f0680000,0x00000000f0f00000)
  to   space 8704K, 0% used [0x00000000efe00000,0x00000000efe00000,0x00000000f0680000)
 ParOldGen       total 42496K, used 12990K [0x00000000c4600000, 0x00000000c6f80000, 0x00000000ec200000)
  object space 42496K, 30% used [0x00000000c4600000,0x00000000c52af908,0x00000000c6f80000)
 Metaspace       used 20610K, capacity 21526K, committed 21628K, reserved 1067008K
  class space    used 2907K, capacity 3127K, committed 3200K, reserved 1048576K
}

